{"/Users/russel/Projects/ts-boilerplate/src/HelloWorld.ts": {"path":"/Users/russel/Projects/ts-boilerplate/src/HelloWorld.ts","statementMap":{"0":{"start":{"line":20,"column":2},"end":{"line":20,"column":27}},"1":{"start":{"line":10,"column":0},"end":{"line":10,"column":13}}},"fnMap":{"0":{"name":"(anonymous_0)","decl":{"start":{"line":19,"column":1},"end":{"line":19,"column":7}},"loc":{"start":{"line":19,"column":28},"end":{"line":21,"column":2}}}},"branchMap":{"0":{"loc":{"start":{"line":19,"column":14},"end":{"line":19,"column":28}},"type":"default-arg","locations":[{"start":{"line":19,"column":21},"end":{"line":19,"column":28}}]}},"s":{"0":3,"1":1},"f":{"0":3},"b":{"0":[1]}}
}
